build/app/intermediates/manifest_merge_blame_file/debug/manifest-merger-blame-debug-report.txt
1<?xml version="1.0" encoding="utf-8"?>
2<manifest xmlns:android="http://schemas.android.com/apk/res/android"
3    package="com.ygor.burger_louco"
4    android:versionCode="1"
5    android:versionName="1.0.0" >
6
7    <uses-sdk
8        android:minSdkVersion="16"
9        android:targetSdkVersion="29" />
10    <!--
11         Flutter needs it to communicate with the running application
12         to allow setting breakpoints, to provide hot reload, etc.
13    -->
14    <uses-permission android:name="android.permission.INTERNET" />
14-->src\main\AndroidManifest.xml:10:5-66
14-->src\main\AndroidManifest.xml:10:22-64
15    <!--
16     io.flutter.app.FlutterApplication is an android.app.Application that
17         calls FlutterMain.startInitialization(this); in its onCreate method.
18         In most cases you can leave this as-is, but you if you want to provide
19         additional functionality it is fine to subclass or reimplement
20         FlutterApplication and put your custom class here.
21    -->
22    <permission android:name="android.permission.WRITE_EXTERNAL_STORAGE" />
22-->src\main\AndroidManifest.xml:9:5-75
22-->src\main\AndroidManifest.xml:9:17-73
23
24    <uses-permission android:name="android.permission.VIBRATE" />
24-->[:vibration] AndroidManifest.xml:7:5-66
24-->[:vibration] AndroidManifest.xml:7:22-63
25    <uses-permission android:name="android.permission.READ_EXTERNAL_STORAGE" />
25-->[:image_picker] AndroidManifest.xml:7:5-80
25-->[:image_picker] AndroidManifest.xml:7:22-77
26    <uses-permission android:name="android.permission.WRITE_EXTERNAL_STORAGE" />
26-->[:image_picker] AndroidManifest.xml:8:5-81
26-->[:image_picker] AndroidManifest.xml:8:22-78
27    <uses-permission android:name="android.permission.ACCESS_FINE_LOCATION" /> <!-- Although the *SdkVersion is captured in gradle build files, this is required for non gradle builds -->
27-->[:geolocator] AndroidManifest.xml:7:5-79
27-->[:geolocator] AndroidManifest.xml:7:22-76
28    <!-- <uses-sdk android:minSdkVersion="14" /> -->
29    <uses-permission android:name="android.permission.ACCESS_NETWORK_STATE" />
29-->[com.google.firebase:firebase-firestore:21.3.0] AndroidManifest.xml:13:5-79
29-->[com.google.firebase:firebase-firestore:21.3.0] AndroidManifest.xml:13:22-76
30    <uses-permission android:name="android.permission.WAKE_LOCK" /> <!-- Required by older versions of Google Play services to create IID tokens -->
30-->[com.google.firebase:firebase-iid:20.0.1] AndroidManifest.xml:24:5-68
30-->[com.google.firebase:firebase-iid:20.0.1] AndroidManifest.xml:24:22-65
31    <uses-permission android:name="com.google.android.c2dm.permission.RECEIVE" />
31-->[com.google.firebase:firebase-iid:20.0.1] AndroidManifest.xml:26:5-82
31-->[com.google.firebase:firebase-iid:20.0.1] AndroidManifest.xml:26:22-79
32
33    <application
33-->src\main\AndroidManifest.xml:12:5-79:19
34        android:name="io.flutter.app.FlutterApplication"
34-->src\main\AndroidManifest.xml:13:9-57
35        android:appComponentFactory="androidx.core.app.CoreComponentFactory"
35-->[androidx.core:core:1.2.0] AndroidManifest.xml:24:18-86
36        android:debuggable="true"
37        android:icon="@mipmap/ic_launcher"
37-->src\main\AndroidManifest.xml:15:9-43
38        android:label="lojavirtual"
38-->src\main\AndroidManifest.xml:14:9-36
39        android:supportsRtl="true" >
39-->[com.facebook.android:facebook-login:5.5.1] AndroidManifest.xml:28:18-44
40        <activity
40-->src\main\AndroidManifest.xml:16:9-49:20
41            android:name="br.com.ciolfi.lojavirtual.MainActivity"
41-->src\main\AndroidManifest.xml:17:13-41
42            android:configChanges="orientation|keyboardHidden|keyboard|screenSize|smallestScreenSize|locale|layoutDirection|fontScale|screenLayout|density|uiMode"
42-->src\main\AndroidManifest.xml:20:13-163
43            android:hardwareAccelerated="true"
43-->src\main\AndroidManifest.xml:21:13-47
44            android:launchMode="singleTop"
44-->src\main\AndroidManifest.xml:18:13-43
45            android:theme="@style/LaunchTheme"
45-->src\main\AndroidManifest.xml:19:13-47
46            android:windowSoftInputMode="adjustResize" >
46-->src\main\AndroidManifest.xml:22:13-55
47
48            <!--
49                 Specifies an Android theme to apply to this Activity as soon as
50                 the Android process has started. This theme is visible to the user
51                 while the Flutter UI initializes. After that, this theme continues
52                 to determine the Window background behind the Flutter UI.
53            -->
54            <meta-data
54-->src\main\AndroidManifest.xml:27:13-30:17
55                android:name="io.flutter.embedding.android.NormalTheme"
55-->src\main\AndroidManifest.xml:28:15-70
56                android:resource="@style/NormalTheme" />
56-->src\main\AndroidManifest.xml:29:15-52
57            <!--
58                 Displays an Android View that continues showing the launch screen
59                 Drawable until Flutter paints its first frame, then this splash
60                 screen fades out. A splash screen is useful to avoid any visual
61                 gap between the end of Android's launch screen and the painting of
62                 Flutter's first frame.
63            -->
64            <meta-data
64-->src\main\AndroidManifest.xml:36:13-39:17
65                android:name="io.flutter.embedding.android.SplashScreenDrawable"
65-->src\main\AndroidManifest.xml:37:15-79
66                android:resource="@drawable/launch_background" />
66-->src\main\AndroidManifest.xml:38:15-61
67
68            <intent-filter>
68-->src\main\AndroidManifest.xml:40:13-43:29
69                <action android:name="android.intent.action.MAIN" />
69-->src\main\AndroidManifest.xml:41:17-68
69-->src\main\AndroidManifest.xml:41:25-66
70
71                <category android:name="android.intent.category.LAUNCHER" />
71-->src\main\AndroidManifest.xml:42:17-76
71-->src\main\AndroidManifest.xml:42:27-74
72            </intent-filter>
73            <intent-filter>
73-->src\main\AndroidManifest.xml:45:13-48:29
74                <action android:name="FLUTTER_NOTIFICATION_CLICK" />
74-->src\main\AndroidManifest.xml:46:17-69
74-->src\main\AndroidManifest.xml:46:25-66
75
76                <category android:name="android.intent.category.DEFAULT" />
76-->src\main\AndroidManifest.xml:47:17-76
76-->src\main\AndroidManifest.xml:47:27-73
77            </intent-filter>
78        </activity>
79        <!--
80             Don't delete the meta-data below.
81             This is used by the Flutter tool to generate GeneratedPluginRegistrant.java
82        -->
83        <meta-data
83-->src\main\AndroidManifest.xml:52:9-54:33
84            android:name="flutterEmbedding"
84-->src\main\AndroidManifest.xml:53:13-44
85            android:value="2" />
85-->src\main\AndroidManifest.xml:54:13-30
86
87        <activity
87-->src\main\AndroidManifest.xml:56:9-59:71
88            android:name="com.yalantis.ucrop.UCropActivity"
88-->src\main\AndroidManifest.xml:57:13-60
89            android:screenOrientation="portrait"
89-->src\main\AndroidManifest.xml:58:13-49
90            android:theme="@style/Theme.AppCompat.Light.NoActionBar" />
90-->src\main\AndroidManifest.xml:59:13-69
91
92        <meta-data
92-->src\main\AndroidManifest.xml:61:9-62:54
93            android:name="com.facebook.sdk.ApplicationId"
93-->src\main\AndroidManifest.xml:61:20-65
94            android:value="@string/facebook_app_id" />
94-->src\main\AndroidManifest.xml:62:13-52
95
96        <activity
96-->src\main\AndroidManifest.xml:64:9-67:48
97            android:name="com.facebook.FacebookActivity"
97-->src\main\AndroidManifest.xml:64:19-63
98            android:configChanges="keyboard|keyboardHidden|screenLayout|screenSize|orientation"
98-->src\main\AndroidManifest.xml:65:13-113
99            android:label="@string/app_name"
99-->src\main\AndroidManifest.xml:67:13-45
100            android:theme="@style/com_facebook_activity_theme" />
100-->[com.facebook.android:facebook-common:5.5.1] AndroidManifest.xml:32:13-63
101        <activity
101-->src\main\AndroidManifest.xml:69:9-78:20
102            android:name="com.facebook.CustomTabActivity"
102-->src\main\AndroidManifest.xml:70:13-58
103            android:exported="true" >
103-->src\main\AndroidManifest.xml:71:13-36
104            <intent-filter>
104-->src\main\AndroidManifest.xml:72:13-77:29
105                <action android:name="android.intent.action.VIEW" />
105-->src\main\AndroidManifest.xml:73:17-69
105-->src\main\AndroidManifest.xml:73:25-66
106
107                <category android:name="android.intent.category.DEFAULT" />
107-->src\main\AndroidManifest.xml:47:17-76
107-->src\main\AndroidManifest.xml:47:27-73
108                <category android:name="android.intent.category.BROWSABLE" />
108-->src\main\AndroidManifest.xml:75:17-78
108-->src\main\AndroidManifest.xml:75:27-75
109
110                <data android:scheme="@string/fb_login_protocol_scheme" />
110-->src\main\AndroidManifest.xml:76:17-75
110-->src\main\AndroidManifest.xml:76:23-72
111            </intent-filter>
112        </activity>
113
114        <provider
114-->[:image_picker] AndroidManifest.xml:11:9-19:20
115            android:name="io.flutter.plugins.imagepicker.ImagePickerFileProvider"
115-->[:image_picker] AndroidManifest.xml:12:13-82
116            android:authorities="com.ygor.burger_louco.flutter.image_provider"
116-->[:image_picker] AndroidManifest.xml:13:13-74
117            android:exported="false"
117-->[:image_picker] AndroidManifest.xml:14:13-37
118            android:grantUriPermissions="true" >
118-->[:image_picker] AndroidManifest.xml:15:13-47
119            <meta-data
119-->[:image_picker] AndroidManifest.xml:16:13-18:75
120                android:name="android.support.FILE_PROVIDER_PATHS"
120-->[:image_picker] AndroidManifest.xml:17:17-67
121                android:resource="@xml/flutter_image_picker_file_paths" />
121-->[:image_picker] AndroidManifest.xml:18:17-72
122        </provider>
123
124        <service
124-->[:cloud_functions] AndroidManifest.xml:8:9-12:19
125            android:name="com.google.firebase.components.ComponentDiscoveryService"
125-->[:cloud_functions] AndroidManifest.xml:8:18-89
126            android:directBootAware="true"
126-->[com.google.firebase:firebase-common:19.3.0] AndroidManifest.xml:34:13-43
127            android:exported="false" >
127-->[com.google.firebase:firebase-firestore:21.3.0] AndroidManifest.xml:19:13-37
128            <meta-data
128-->[:cloud_functions] AndroidManifest.xml:9:13-11:85
129                android:name="com.google.firebase.components:io.flutter.plugins.firebase.cloudfunctions.FlutterFirebaseAppRegistrar"
129-->[:cloud_functions] AndroidManifest.xml:10:17-133
130                android:value="com.google.firebase.components.ComponentRegistrar" />
130-->[:cloud_functions] AndroidManifest.xml:11:17-82
131            <meta-data
131-->[:cloud_firestore] AndroidManifest.xml:9:13-11:85
132                android:name="com.google.firebase.components:io.flutter.plugins.firebase.cloudfirestore.FlutterFirebaseAppRegistrar"
132-->[:cloud_firestore] AndroidManifest.xml:10:17-133
133                android:value="com.google.firebase.components.ComponentRegistrar" />
133-->[:cloud_firestore] AndroidManifest.xml:11:17-82
134            <meta-data
134-->[:firebase_auth] AndroidManifest.xml:9:13-11:85
135                android:name="com.google.firebase.components:io.flutter.plugins.firebaseauth.FlutterFirebaseAppRegistrar"
135-->[:firebase_auth] AndroidManifest.xml:10:17-122
136                android:value="com.google.firebase.components.ComponentRegistrar" />
136-->[:firebase_auth] AndroidManifest.xml:11:17-82
137            <meta-data
137-->[:firebase_storage] AndroidManifest.xml:9:13-11:85
138                android:name="com.google.firebase.components:io.flutter.plugins.firebase.storage.FlutterFirebaseAppRegistrar"
138-->[:firebase_storage] AndroidManifest.xml:10:17-126
139                android:value="com.google.firebase.components.ComponentRegistrar" />
139-->[:firebase_storage] AndroidManifest.xml:11:17-82
140            <meta-data
140-->[:firebase_core] AndroidManifest.xml:9:13-11:85
141                android:name="com.google.firebase.components:io.flutter.plugins.firebase.core.FlutterFirebaseAppRegistrar"
141-->[:firebase_core] AndroidManifest.xml:10:17-123
142                android:value="com.google.firebase.components.ComponentRegistrar" />
142-->[:firebase_core] AndroidManifest.xml:11:17-82
143            <meta-data
143-->[:firebase_messaging] AndroidManifest.xml:14:13-16:85
144                android:name="com.google.firebase.components:io.flutter.plugins.firebasemessaging.FlutterFirebaseAppRegistrar"
144-->[:firebase_messaging] AndroidManifest.xml:15:17-127
145                android:value="com.google.firebase.components.ComponentRegistrar" />
145-->[:firebase_messaging] AndroidManifest.xml:16:17-82
146            <meta-data
146-->[com.google.firebase:firebase-firestore:21.3.0] AndroidManifest.xml:20:13-22:85
147                android:name="com.google.firebase.components:com.google.firebase.firestore.FirestoreRegistrar"
147-->[com.google.firebase:firebase-firestore:21.3.0] AndroidManifest.xml:21:17-111
148                android:value="com.google.firebase.components.ComponentRegistrar" />
148-->[com.google.firebase:firebase-firestore:21.3.0] AndroidManifest.xml:22:17-82
149            <meta-data
149-->[com.google.firebase:firebase-auth:19.2.0] AndroidManifest.xml:36:13-38:85
150                android:name="com.google.firebase.components:com.google.firebase.auth.FirebaseAuthRegistrar"
150-->[com.google.firebase:firebase-auth:19.2.0] AndroidManifest.xml:37:17-109
151                android:value="com.google.firebase.components.ComponentRegistrar" />
151-->[com.google.firebase:firebase-auth:19.2.0] AndroidManifest.xml:38:17-82
152            <meta-data
152-->[com.google.firebase:firebase-functions:17.0.0] AndroidManifest.xml:16:13-18:85
153                android:name="com.google.firebase.components:com.google.firebase.functions.FunctionsRegistrar"
153-->[com.google.firebase:firebase-functions:17.0.0] AndroidManifest.xml:17:17-111
154                android:value="com.google.firebase.components.ComponentRegistrar" />
154-->[com.google.firebase:firebase-functions:17.0.0] AndroidManifest.xml:18:17-82
155            <meta-data
155-->[com.google.firebase:firebase-storage:17.0.0] AndroidManifest.xml:31:13-33:85
156                android:name="com.google.firebase.components:com.google.firebase.storage.StorageRegistrar"
156-->[com.google.firebase:firebase-storage:17.0.0] AndroidManifest.xml:32:17-107
157                android:value="com.google.firebase.components.ComponentRegistrar" />
157-->[com.google.firebase:firebase-storage:17.0.0] AndroidManifest.xml:33:17-82
158            <meta-data
158-->[com.google.firebase:firebase-iid:20.0.1] AndroidManifest.xml:32:13-34:85
159                android:name="com.google.firebase.components:com.google.firebase.iid.Registrar"
159-->[com.google.firebase:firebase-iid:20.0.1] AndroidManifest.xml:33:17-96
160                android:value="com.google.firebase.components.ComponentRegistrar" />
160-->[com.google.firebase:firebase-iid:20.0.1] AndroidManifest.xml:34:17-82
161        </service>
162        <service android:name="io.flutter.plugins.firebasemessaging.FlutterFirebaseMessagingService" >
162-->[:firebase_messaging] AndroidManifest.xml:8:9-12:19
162-->[:firebase_messaging] AndroidManifest.xml:8:18-101
163            <intent-filter>
163-->[:firebase_messaging] AndroidManifest.xml:9:13-11:29
164                <action android:name="com.google.firebase.MESSAGING_EVENT" />
164-->[:firebase_messaging] AndroidManifest.xml:10:17-78
164-->[:firebase_messaging] AndroidManifest.xml:10:25-75
165            </intent-filter>
166        </service>
167
168        <activity
168-->[:url_launcher] AndroidManifest.xml:8:9-11:74
169            android:name="io.flutter.plugins.urllauncher.WebViewActivity"
169-->[:url_launcher] AndroidManifest.xml:9:13-74
170            android:exported="false"
170-->[:url_launcher] AndroidManifest.xml:10:13-37
171            android:theme="@android:style/Theme.NoTitleBar.Fullscreen" />
171-->[:url_launcher] AndroidManifest.xml:11:13-71
172        <activity
172-->[com.google.firebase:firebase-auth:19.2.0] AndroidManifest.xml:24:9-31:50
173            android:name="com.google.firebase.auth.internal.FederatedSignInActivity"
173-->[com.google.firebase:firebase-auth:19.2.0] AndroidManifest.xml:25:13-85
174            android:excludeFromRecents="true"
174-->[com.google.firebase:firebase-auth:19.2.0] AndroidManifest.xml:26:13-46
175            android:exported="true"
175-->[com.google.firebase:firebase-auth:19.2.0] AndroidManifest.xml:27:13-36
176            android:launchMode="singleTask"
176-->[com.google.firebase:firebase-auth:19.2.0] AndroidManifest.xml:28:13-44
177            android:permission="com.google.firebase.auth.api.gms.permission.LAUNCH_FEDERATED_SIGN_IN"
177-->[com.google.firebase:firebase-auth:19.2.0] AndroidManifest.xml:29:13-102
178            android:theme="@android:style/Theme.Translucent.NoTitleBar" />
178-->[com.google.firebase:firebase-auth:19.2.0] AndroidManifest.xml:30:13-72
179        <!--
180             FirebaseMessagingService performs security checks at runtime,
181             but set to not exported to explicitly avoid allowing another app to call it.
182        -->
183        <service
183-->[com.google.firebase:firebase-messaging:20.0.1] AndroidManifest.xml:28:9-34:19
184            android:name="com.google.firebase.messaging.FirebaseMessagingService"
184-->[com.google.firebase:firebase-messaging:20.0.1] AndroidManifest.xml:29:13-82
185            android:exported="false" >
185-->[com.google.firebase:firebase-messaging:20.0.1] AndroidManifest.xml:30:13-37
186            <intent-filter android:priority="-500" >
186-->[:firebase_messaging] AndroidManifest.xml:9:13-11:29
187                <action android:name="com.google.firebase.MESSAGING_EVENT" />
187-->[:firebase_messaging] AndroidManifest.xml:10:17-78
187-->[:firebase_messaging] AndroidManifest.xml:10:25-75
188            </intent-filter>
189        </service>
190
191        <receiver
191-->[com.google.firebase:firebase-iid:20.0.1] AndroidManifest.xml:37:9-44:20
192            android:name="com.google.firebase.iid.FirebaseInstanceIdReceiver"
192-->[com.google.firebase:firebase-iid:20.0.1] AndroidManifest.xml:38:13-78
193            android:exported="true"
193-->[com.google.firebase:firebase-iid:20.0.1] AndroidManifest.xml:39:13-36
194            android:permission="com.google.android.c2dm.permission.SEND" >
194-->[com.google.firebase:firebase-iid:20.0.1] AndroidManifest.xml:40:13-73
195            <intent-filter>
195-->[com.google.firebase:firebase-iid:20.0.1] AndroidManifest.xml:41:13-43:29
196                <action android:name="com.google.android.c2dm.intent.RECEIVE" />
196-->[com.google.firebase:firebase-iid:20.0.1] AndroidManifest.xml:42:17-81
196-->[com.google.firebase:firebase-iid:20.0.1] AndroidManifest.xml:42:25-78
197            </intent-filter>
198        </receiver>
199
200        <activity
200-->[com.google.android.gms:play-services-base:17.2.1] AndroidManifest.xml:23:9-26:75
201            android:name="com.google.android.gms.common.api.GoogleApiActivity"
201-->[com.google.android.gms:play-services-base:17.2.1] AndroidManifest.xml:24:13-79
202            android:exported="false"
202-->[com.google.android.gms:play-services-base:17.2.1] AndroidManifest.xml:25:13-37
203            android:theme="@android:style/Theme.Translucent.NoTitleBar" />
203-->[com.google.android.gms:play-services-base:17.2.1] AndroidManifest.xml:26:13-72
204        <activity android:name="com.facebook.CustomTabMainActivity" />
204-->[com.facebook.android:facebook-common:5.5.1] AndroidManifest.xml:33:9-71
204-->[com.facebook.android:facebook-common:5.5.1] AndroidManifest.xml:33:19-68
205
206        <provider
206-->[com.google.firebase:firebase-common:19.3.0] AndroidManifest.xml:26:9-30:39
207            android:name="com.google.firebase.provider.FirebaseInitProvider"
207-->[com.google.firebase:firebase-common:19.3.0] AndroidManifest.xml:27:13-77
208            android:authorities="com.ygor.burger_louco.firebaseinitprovider"
208-->[com.google.firebase:firebase-common:19.3.0] AndroidManifest.xml:28:13-72
209            android:exported="false"
209-->[com.google.firebase:firebase-common:19.3.0] AndroidManifest.xml:29:13-37
210            android:initOrder="100" />
210-->[com.google.firebase:firebase-common:19.3.0] AndroidManifest.xml:30:13-36
211
212        <meta-data
212-->[com.google.android.gms:play-services-basement:17.2.1] AndroidManifest.xml:23:9-25:69
213            android:name="com.google.android.gms.version"
213-->[com.google.android.gms:play-services-basement:17.2.1] AndroidManifest.xml:24:13-58
214            android:value="@integer/google_play_services_version" />
214-->[com.google.android.gms:play-services-basement:17.2.1] AndroidManifest.xml:25:13-66
215        <!--
216         The initialization ContentProvider will call FacebookSdk.sdkInitialize automatically
217         with the application context. This config is merged in with the host app's manifest,
218         but there can only be one provider with the same authority activated at any given
219         point; so if the end user has two or more different apps that use Facebook SDK, only the
220         first one will be able to use the provider. To work around this problem, we use the
221         following placeholder in the authority to identify each host application as if it was
222         a completely different provider.
223        -->
224        <provider
224-->[com.facebook.android:facebook-core:5.5.1] AndroidManifest.xml:39:9-42:40
225            android:name="com.facebook.internal.FacebookInitProvider"
225-->[com.facebook.android:facebook-core:5.5.1] AndroidManifest.xml:40:13-70
226            android:authorities="com.ygor.burger_louco.FacebookInitProvider"
226-->[com.facebook.android:facebook-core:5.5.1] AndroidManifest.xml:41:13-72
227            android:exported="false" />
227-->[com.facebook.android:facebook-core:5.5.1] AndroidManifest.xml:42:13-37
228
229        <receiver
229-->[com.facebook.android:facebook-core:5.5.1] AndroidManifest.xml:44:9-50:20
230            android:name="com.facebook.CurrentAccessTokenExpirationBroadcastReceiver"
230-->[com.facebook.android:facebook-core:5.5.1] AndroidManifest.xml:45:13-86
231            android:exported="false" >
231-->[com.facebook.android:facebook-core:5.5.1] AndroidManifest.xml:46:13-37
232            <intent-filter>
232-->[com.facebook.android:facebook-core:5.5.1] AndroidManifest.xml:47:13-49:29
233                <action android:name="com.facebook.sdk.ACTION_CURRENT_ACCESS_TOKEN_CHANGED" />
233-->[com.facebook.android:facebook-core:5.5.1] AndroidManifest.xml:48:17-95
233-->[com.facebook.android:facebook-core:5.5.1] AndroidManifest.xml:48:25-92
234            </intent-filter>
235        </receiver>
236        <receiver
236-->[com.facebook.android:facebook-core:5.5.1] AndroidManifest.xml:51:9-58:20
237            android:name="com.facebook.CampaignTrackingReceiver"
237-->[com.facebook.android:facebook-core:5.5.1] AndroidManifest.xml:52:13-65
238            android:exported="true"
238-->[com.facebook.android:facebook-core:5.5.1] AndroidManifest.xml:53:13-36
239            android:permission="android.permission.INSTALL_PACKAGES" >
239-->[com.facebook.android:facebook-core:5.5.1] AndroidManifest.xml:54:13-69
240            <intent-filter>
240-->[com.facebook.android:facebook-core:5.5.1] AndroidManifest.xml:55:13-57:29
241                <action android:name="com.android.vending.INSTALL_REFERRER" />
241-->[com.facebook.android:facebook-core:5.5.1] AndroidManifest.xml:56:17-79
241-->[com.facebook.android:facebook-core:5.5.1] AndroidManifest.xml:56:25-76
242            </intent-filter>
243        </receiver>
244    </application>
245
246</manifest>